<?xml version="1.0" encoding="UTF-8"?>
<testng-results ignored="0" total="1" passed="1" failed="0" skipped="0">
  <reporter-output>
  </reporter-output>
  <suite started-at="2024-02-07T11:46:29 GMT" name="Surefire suite" finished-at="2024-02-07T11:47:09 GMT" duration-ms="39237">
    <groups>
    </groups>
    <test started-at="2024-02-07T11:46:29 GMT" name="Surefire test" finished-at="2024-02-07T11:47:09 GMT" duration-ms="39237">
      <class name="test.YoutubeTest">
        <test-method is-config="true" signature="setUp()[pri:0, instance:test.YoutubeTest@78b1cc93]" started-at="2024-02-07T11:46:29 GMT" name="setUp" finished-at="2024-02-07T11:46:37 GMT" duration-ms="7600" status="PASS">
          <reporter-output>
          </reporter-output>
        </test-method> <!-- setUp -->
        <test-method signature="testSearchVideo()[pri:0, instance:test.YoutubeTest@78b1cc93]" started-at="2024-02-07T11:46:37 GMT" name="testSearchVideo" finished-at="2024-02-07T11:47:08 GMT" duration-ms="30617" status="PASS">
          <reporter-output>
          </reporter-output>
        </test-method> <!-- testSearchVideo -->
        <test-method is-config="true" signature="tearDown()[pri:0, instance:test.YoutubeTest@78b1cc93]" started-at="2024-02-07T11:47:08 GMT" name="tearDown" finished-at="2024-02-07T11:47:09 GMT" duration-ms="966" status="PASS">
          <reporter-output>
          </reporter-output>
        </test-method> <!-- tearDown -->
      </class> <!-- test.YoutubeTest -->
    </test> <!-- Surefire test -->
  </suite> <!-- Surefire suite -->
</testng-results>
