<?xml version="1.0" encoding="UTF-8"?>
<testng-results ignored="0" total="1" passed="1" failed="0" skipped="0">
  <reporter-output>
  </reporter-output>
  <suite started-at="2024-02-07T15:31:14 GMT" name="Default suite" finished-at="2024-02-07T15:31:49 GMT" duration-ms="35076">
    <groups>
    </groups>
    <test started-at="2024-02-07T15:31:14 GMT" name="Default test" finished-at="2024-02-07T15:31:49 GMT" duration-ms="35076">
      <class name="test.YoutubeTest">
        <test-method is-config="true" signature="setUp()[pri:0, instance:test.YoutubeTest@f5acb9d]" started-at="2024-02-07T15:31:14 GMT" name="setUp" finished-at="2024-02-07T15:31:17 GMT" duration-ms="3310" status="PASS">
          <reporter-output>
          </reporter-output>
        </test-method> <!-- setUp -->
        <test-method signature="testSearchVideo()[pri:0, instance:test.YoutubeTest@f5acb9d]" started-at="2024-02-07T15:31:17 GMT" name="testSearchVideo" finished-at="2024-02-07T15:31:48 GMT" duration-ms="30679" status="PASS">
          <reporter-output>
          </reporter-output>
        </test-method> <!-- testSearchVideo -->
        <test-method is-config="true" signature="tearDown()[pri:0, instance:test.YoutubeTest@f5acb9d]" started-at="2024-02-07T15:31:48 GMT" name="tearDown" finished-at="2024-02-07T15:31:49 GMT" duration-ms="1027" status="PASS">
          <reporter-output>
          </reporter-output>
        </test-method> <!-- tearDown -->
      </class> <!-- test.YoutubeTest -->
    </test> <!-- Default test -->
  </suite> <!-- Default suite -->
</testng-results>
